2025-01-08 04:28:41,380 - INFO - Monitoring market for product: GPU
2025-01-08 04:28:41,381 - INFO - Collecting news for query: GPU
2025-01-08 04:28:41,909 - INFO - Analyzing sentiment...
2025-01-08 04:28:42,207 - INFO - Analyzing sentiment...
2025-01-08 04:28:42,304 - INFO - Analyzing sentiment...
2025-01-08 04:28:42,407 - INFO - Analyzing sentiment...
2025-01-08 04:28:42,617 - INFO - Analyzing sentiment...
2025-01-08 04:28:42,823 - INFO - Analyzing sentiment...
2025-01-08 04:28:43,039 - INFO - Analyzing sentiment...
2025-01-08 04:28:43,227 - INFO - Analyzing sentiment...
2025-01-08 04:28:43,431 - INFO - Analyzing sentiment...
2025-01-08 04:28:43,619 - INFO - Analyzing sentiment...
2025-01-08 04:28:43,823 - INFO - Analyzing sentiment...
2025-01-08 04:28:43,988 - INFO - Analyzing sentiment...
2025-01-08 04:28:44,160 - INFO - Analyzing sentiment...
2025-01-08 04:28:44,347 - INFO - Analyzing sentiment...
2025-01-08 04:28:44,523 - INFO - Analyzing sentiment...
2025-01-08 04:28:44,701 - INFO - Analyzing sentiment...
2025-01-08 04:28:44,889 - INFO - Analyzing sentiment...
2025-01-08 04:28:45,068 - INFO - Analyzing sentiment...
2025-01-08 04:28:45,248 - INFO - Analyzing sentiment...
2025-01-08 04:28:45,415 - INFO - Analyzing sentiment...
2025-01-08 04:28:45,582 - INFO - Analyzing sentiment...
2025-01-08 04:28:45,758 - INFO - Analyzing sentiment...
2025-01-08 04:28:45,976 - INFO - Analyzing sentiment...
2025-01-08 04:28:46,158 - INFO - Analyzing sentiment...
2025-01-08 04:28:46,341 - INFO - Analyzing sentiment...
2025-01-08 04:28:46,521 - INFO - Analyzing sentiment...
2025-01-08 04:28:46,703 - INFO - Analyzing sentiment...
2025-01-08 04:28:46,886 - INFO - Analyzing sentiment...
2025-01-08 04:28:47,066 - INFO - Analyzing sentiment...
2025-01-08 04:28:47,256 - INFO - Analyzing sentiment...
2025-01-08 04:28:47,427 - INFO - Analyzing sentiment...
2025-01-08 04:28:47,597 - INFO - Analyzing sentiment...
2025-01-08 04:28:47,796 - INFO - Analyzing sentiment...
2025-01-08 04:28:47,982 - INFO - Analyzing sentiment...
2025-01-08 04:28:48,159 - INFO - Analyzing sentiment...
2025-01-08 04:28:48,331 - INFO - Analyzing sentiment...
2025-01-08 04:28:48,498 - INFO - Analyzing sentiment...
2025-01-08 04:28:48,669 - INFO - Analyzing sentiment...
2025-01-08 04:28:48,836 - INFO - Analyzing sentiment...
2025-01-08 04:28:49,016 - INFO - Analyzing sentiment...
2025-01-08 04:28:49,201 - INFO - Analyzing sentiment...
2025-01-08 04:28:49,371 - INFO - Analyzing sentiment...
2025-01-08 04:28:49,537 - INFO - Analyzing sentiment...
2025-01-08 04:28:49,709 - INFO - Analyzing sentiment...
2025-01-08 04:28:49,877 - INFO - Analyzing sentiment...
2025-01-08 04:28:50,058 - INFO - Analyzing sentiment...
2025-01-08 04:28:50,233 - INFO - Analyzing sentiment...
2025-01-08 04:28:50,406 - INFO - Analyzing sentiment...
2025-01-08 04:28:50,574 - INFO - Analyzing sentiment...
2025-01-08 04:28:50,772 - INFO - Analyzing sentiment...
2025-01-08 04:28:50,937 - INFO - Analyzing sentiment...
2025-01-08 04:28:51,111 - INFO - Analyzing sentiment...
2025-01-08 04:28:51,286 - INFO - Analyzing sentiment...
2025-01-08 04:28:51,461 - INFO - Analyzing sentiment...
2025-01-08 04:28:51,652 - INFO - Analyzing sentiment...
2025-01-08 04:28:51,847 - INFO - Analyzing sentiment...
2025-01-08 04:28:52,003 - INFO - Analyzing sentiment...
2025-01-08 04:28:52,175 - INFO - Analyzing sentiment...
2025-01-08 04:28:52,345 - INFO - Analyzing sentiment...
2025-01-08 04:28:52,524 - INFO - Analyzing sentiment...
2025-01-08 04:28:52,721 - INFO - Analyzing sentiment...
2025-01-08 04:28:52,876 - INFO - Analyzing sentiment...
2025-01-08 04:28:53,034 - INFO - Analyzing sentiment...
2025-01-08 04:28:53,229 - INFO - Analyzing sentiment...
2025-01-08 04:28:53,406 - INFO - Analyzing sentiment...
2025-01-08 04:28:53,578 - INFO - Analyzing sentiment...
2025-01-08 04:28:53,759 - INFO - Analyzing sentiment...
2025-01-08 04:28:53,949 - INFO - Analyzing sentiment...
2025-01-08 04:28:54,135 - INFO - Analyzing sentiment...
2025-01-08 04:28:54,316 - INFO - Analyzing sentiment...
2025-01-08 04:28:54,500 - INFO - Analyzing sentiment...
2025-01-08 04:28:54,681 - INFO - Analyzing sentiment...
2025-01-08 04:28:54,901 - INFO - Analyzing sentiment...
2025-01-08 04:28:55,097 - INFO - Analyzing sentiment...
2025-01-08 04:28:55,360 - INFO - Analyzing sentiment...
2025-01-08 04:28:55,537 - INFO - Analyzing sentiment...
2025-01-08 04:28:55,703 - INFO - Analyzing sentiment...
2025-01-08 04:28:55,859 - INFO - Analyzing sentiment...
2025-01-08 04:28:56,036 - INFO - Analyzing sentiment...
2025-01-08 04:28:56,191 - INFO - Analyzing sentiment...
2025-01-08 04:28:56,353 - INFO - Analyzing sentiment...
2025-01-08 04:28:56,525 - INFO - Analyzing sentiment...
2025-01-08 04:28:56,718 - INFO - Analyzing sentiment...
2025-01-08 04:28:56,892 - INFO - Analyzing sentiment...
2025-01-08 04:28:57,071 - INFO - Analyzing sentiment...
2025-01-08 04:28:57,241 - INFO - Analyzing sentiment...
2025-01-08 04:28:57,401 - INFO - Analyzing sentiment...
2025-01-08 04:28:57,582 - INFO - Analyzing sentiment...
2025-01-08 04:28:57,731 - INFO - Analyzing sentiment...
2025-01-08 04:28:57,904 - INFO - Analyzing sentiment...
2025-01-08 04:28:58,061 - INFO - Analyzing sentiment...
2025-01-08 04:28:58,217 - INFO - Analyzing sentiment...
2025-01-08 04:28:58,372 - INFO - Analyzing sentiment...
2025-01-08 04:28:58,527 - INFO - Analyzing sentiment...
2025-01-08 04:28:58,684 - INFO - Analyzing sentiment...
2025-01-08 04:28:58,876 - INFO - Analyzing sentiment...
2025-01-08 04:28:59,074 - INFO - Analyzing sentiment...
2025-01-08 04:28:59,240 - INFO - Analyzing sentiment...
2025-01-08 04:28:59,401 - INFO - Analyzing sentiment...
2025-01-08 04:28:59,554 - INFO - Analyzing sentiment...
2025-01-08 04:28:59,713 - INFO - Sentiment Summary for GPU:Sentiment
Neutral     49
Positive    49
Negative     2
Name: count, dtype: int64
2025-01-08 04:28:59,713 - INFO - Overall Market Sentiment for GPU: Positive
2025-01-08 04:28:59,713 - INFO - Extracting trends from collected data...
2025-01-08 04:28:59,764 - INFO - Extracted Trends: {'Topic 1': ['skip', 'search', 'small', 'links', 'earn', 'articles', 'commission', 'contenttype', 'affect', 'doesn'], 'Topic 2': ['framework', 'iab', 'click', 'consent', 'transparency', 'accept', 'access', 'amp', '238', '678'], 'Topic 3': ['core', 'ryzen', 'laptop', 'series', 'intel', 'chars', 'amd', 'ces', 'new', '2025'], 'Topic 4': ['ahead', 'days', '5090', 'mere', 'nvidia', 'packaging', '5080', '50', 'rtx', 'removed'], 'Topic 5': ['likely', '5080', 'images', 'product', '11', '14', 'rtx', 'ai', 'ul', 'li']}
2025-01-08 04:28:59,777 - INFO - Detailed sentiment analysis saved to GPU_market_sentiment.csv
2025-01-08 04:28:59,779 - INFO - Extracted trends saved to GPU_trends.json
